c:\users\ore\source\repos\md\multifiles\multifiles\x64\debug\moments_of_forces.obj
c:\users\ore\source\repos\md\multifiles\multifiles\x64\debug\urvrwr.obj
c:\users\ore\source\repos\md\multifiles\multifiles\x64\debug\tenzors.obj
c:\users\ore\source\repos\md\multifiles\multifiles\x64\debug\readfile.obj
c:\users\ore\source\repos\md\multifiles\multifiles\x64\debug\molecule.obj
c:\users\ore\source\repos\md\multifiles\multifiles\x64\debug\fields.obj
c:\users\ore\source\repos\md\multifiles\multifiles\x64\debug\epsil.obj
c:\users\ore\source\repos\md\multifiles\multifiles\x64\debug\enum.obj
c:\users\ore\source\repos\md\multifiles\multifiles\x64\debug\em.obj
c:\users\ore\source\repos\md\multifiles\multifiles\x64\debug\distance.obj
c:\users\ore\source\repos\md\multifiles\multifiles\x64\debug\atom.obj
c:\users\ore\source\repos\md\multifiles\multifiles\x64\debug\exitfiles.obj
c:\users\ore\source\repos\md\multifiles\multifiles\x64\debug\openfiles.obj
c:\users\ore\source\repos\md\multifiles\multifiles\x64\debug\source.obj
c:\users\ore\source\repos\md\c60@c240\multifiles\x64\debug\moments_of_forces.obj
c:\users\ore\source\repos\md\c60@c240\multifiles\x64\debug\urvrwr.obj
c:\users\ore\source\repos\md\c60@c240\multifiles\x64\debug\tenzors.obj
c:\users\ore\source\repos\md\c60@c240\multifiles\x64\debug\readfile.obj
c:\users\ore\source\repos\md\c60@c240\multifiles\x64\debug\openfiles.obj
c:\users\ore\source\repos\md\c60@c240\multifiles\x64\debug\molecule.obj
c:\users\ore\source\repos\md\c60@c240\multifiles\x64\debug\fields.obj
c:\users\ore\source\repos\md\c60@c240\multifiles\x64\debug\exitfiles.obj
c:\users\ore\source\repos\md\c60@c240\multifiles\x64\debug\epsil.obj
c:\users\ore\source\repos\md\c60@c240\multifiles\x64\debug\distance.obj
c:\users\ore\source\repos\md\c60@c240\multifiles\x64\debug\atom.obj
c:\users\ore\source\repos\md\c60@c240\multifiles\x64\debug\em.obj
c:\users\ore\source\repos\md\c60@c240\multifiles\x64\debug\source.obj
c:\users\ore\source\repos\md\c60@3cnt\multifiles\x64\debug\moments_of_forces.obj
c:\users\ore\source\repos\md\c60@3cnt\multifiles\x64\debug\urvrwr.obj
c:\users\ore\source\repos\md\c60@3cnt\multifiles\x64\debug\tenzors.obj
c:\users\ore\source\repos\md\c60@3cnt\multifiles\x64\debug\readfile.obj
c:\users\ore\source\repos\md\c60@3cnt\multifiles\x64\debug\openfiles.obj
c:\users\ore\source\repos\md\c60@3cnt\multifiles\x64\debug\molecule.obj
c:\users\ore\source\repos\md\c60@3cnt\multifiles\x64\debug\fields.obj
c:\users\ore\source\repos\md\c60@3cnt\multifiles\x64\debug\exitfiles.obj
c:\users\ore\source\repos\md\c60@3cnt\multifiles\x64\debug\epsil.obj
c:\users\ore\source\repos\md\c60@3cnt\multifiles\x64\debug\em.obj
c:\users\ore\source\repos\md\c60@3cnt\multifiles\x64\debug\distance.obj
c:\users\ore\source\repos\md\c60@3cnt\multifiles\x64\debug\atom.obj
c:\users\ore\source\repos\md\c60@3cnt\multifiles\x64\debug\source.obj
c:\users\ore\source\repos\md\2c60@nnanotori\multifiles\x64\debug\moments_of_forces.obj
c:\users\ore\source\repos\md\2c60@nnanotori\multifiles\x64\debug\urvrwr.obj
c:\users\ore\source\repos\md\2c60@nnanotori\multifiles\x64\debug\tenzors.obj
c:\users\ore\source\repos\md\2c60@nnanotori\multifiles\x64\debug\readfile.obj
c:\users\ore\source\repos\md\2c60@nnanotori\multifiles\x64\debug\openfiles.obj
c:\users\ore\source\repos\md\2c60@nnanotori\multifiles\x64\debug\molecule.obj
c:\users\ore\source\repos\md\2c60@nnanotori\multifiles\x64\debug\fields.obj
c:\users\ore\source\repos\md\2c60@nnanotori\multifiles\x64\debug\exitfiles.obj
c:\users\ore\source\repos\md\2c60@nnanotori\multifiles\x64\debug\epsil.obj
c:\users\ore\source\repos\md\2c60@nnanotori\multifiles\x64\debug\em.obj
c:\users\ore\source\repos\md\2c60@nnanotori\multifiles\x64\debug\distance.obj
c:\users\ore\source\repos\md\2c60@nnanotori\multifiles\x64\debug\atom.obj
c:\users\ore\source\repos\md\2c60@nnanotori\multifiles\x64\debug\source.obj
c:\users\ore\source\repos\md\2c60@nnanotori — копия\multifiles\x64\debug\moments_of_forces.obj
c:\users\ore\source\repos\md\2c60@nnanotori — копия\multifiles\x64\debug\urvrwr.obj
c:\users\ore\source\repos\md\2c60@nnanotori — копия\multifiles\x64\debug\tenzors.obj
c:\users\ore\source\repos\md\2c60@nnanotori — копия\multifiles\x64\debug\readfile.obj
c:\users\ore\source\repos\md\2c60@nnanotori — копия\multifiles\x64\debug\openfiles.obj
c:\users\ore\source\repos\md\2c60@nnanotori — копия\multifiles\x64\debug\molecule.obj
c:\users\ore\source\repos\md\2c60@nnanotori — копия\multifiles\x64\debug\fields.obj
c:\users\ore\source\repos\md\2c60@nnanotori — копия\multifiles\x64\debug\exitfiles.obj
c:\users\ore\source\repos\md\2c60@nnanotori — копия\multifiles\x64\debug\epsil.obj
c:\users\ore\source\repos\md\2c60@nnanotori — копия\multifiles\x64\debug\em.obj
c:\users\ore\source\repos\md\2c60@nnanotori — копия\multifiles\x64\debug\distance.obj
c:\users\ore\source\repos\md\2c60@nnanotori — копия\multifiles\x64\debug\atom.obj
c:\users\ore\source\repos\md\2c60@nnanotori — копия\multifiles\x64\debug\source.obj
c:\users\ore\source\repos\md\fulerite+he\multifiles\x64\debug\moments_of_forces.obj
c:\users\ore\source\repos\md\fulerite+he\multifiles\x64\debug\urvrwr.obj
c:\users\ore\source\repos\md\fulerite+he\multifiles\x64\debug\tenzors.obj
c:\users\ore\source\repos\md\fulerite+he\multifiles\x64\debug\readfile.obj
c:\users\ore\source\repos\md\fulerite+he\multifiles\x64\debug\openfiles.obj
c:\users\ore\source\repos\md\fulerite+he\multifiles\x64\debug\molecule.obj
c:\users\ore\source\repos\md\fulerite+he\multifiles\x64\debug\fields.obj
c:\users\ore\source\repos\md\fulerite+he\multifiles\x64\debug\exitfiles.obj
c:\users\ore\source\repos\md\fulerite+he\multifiles\x64\debug\epsil.obj
c:\users\ore\source\repos\md\fulerite+he\multifiles\x64\debug\em.obj
c:\users\ore\source\repos\md\fulerite+he\multifiles\x64\debug\distance.obj
c:\users\ore\source\repos\md\fulerite+he\multifiles\x64\debug\atom.obj
c:\users\ore\source\repos\md\fulerite+he\multifiles\x64\debug\source.obj
c:\users\ore\source\repos\md\multifiles\x64\debug\multifiles.exe
c:\users\ore\source\repos\md\multifiles\x64\debug\multifiles.pdb
c:\users\ore\source\repos\md\c60@c240\x64\debug\multifiles.exe
c:\users\ore\source\repos\md\c60@c240\x64\debug\multifiles.pdb
c:\users\ore\source\repos\md\c60@3cnt\x64\debug\multifiles.exe
c:\users\ore\source\repos\md\c60@3cnt\x64\debug\multifiles.pdb
c:\users\ore\source\repos\md\2c60@nnanotori\x64\debug\multifiles.exe
c:\users\ore\source\repos\md\2c60@nnanotori\x64\debug\multifiles.pdb
c:\users\ore\source\repos\md\2c60@nnanotori — копия\x64\debug\multifiles.exe
c:\users\ore\source\repos\md\2c60@nnanotori — копия\x64\debug\multifiles.pdb
c:\users\ore\source\repos\md\fulerite+he\x64\debug\multifiles.exe
c:\users\ore\source\repos\md\fulerite+he\x64\debug\multifiles.pdb
c:\users\ore\source\repos\md\fulerite+he\multifiles\x64\debug\enum.obj
c:\users\ore\source\repos\md\fulerite+he\multifiles\x64\debug\multifiles.tlog\cl.command.1.tlog
c:\users\ore\source\repos\md\fulerite+he\multifiles\x64\debug\multifiles.tlog\cl.read.1.tlog
c:\users\ore\source\repos\md\fulerite+he\multifiles\x64\debug\multifiles.tlog\cl.write.1.tlog
c:\users\ore\source\repos\md\fulerite+he\multifiles\x64\debug\multifiles.tlog\link.command.1.tlog
c:\users\ore\source\repos\md\fulerite+he\multifiles\x64\debug\multifiles.tlog\link.read.1.tlog
c:\users\ore\source\repos\md\fulerite+he\multifiles\x64\debug\multifiles.tlog\link.write.1.tlog
